<?xml version="1.0" encoding="UTF-8"?>
<!-- Generated by org.testng.reporters.JUnitReportReporter -->
<testsuite hostname="DESKTOP-7SU4C42" failures="0" tests="1" name="mytestlap" time="0.494" errors="0" timestamp="2023-10-22T22:46:02 EET" skipped="0">
  <testcase classname="mytestlap" name="myTest" time="0.494"/>
  <system-out/>
</testsuite> <!-- mytestlap -->
